Info: Nothing to build for NEW
Info: Nothing to build for YYY
23:53:36 **** Incremental Build of configuration Debug for project YYY ****
Info: Internal Builder is used for build
gcc -O0 -g3 -Wall -c -fmessage-length=0 -o "src\\YYY.o" "..\\src\\YYY.c" 
gcc -o YYY.exe "src\\YYY.o" 
Info: Nothing to build for YYY
Info: Nothing to build for YYY
23:53:53 **** Incremental Build of configuration Debug for project YYY ****
Info: Internal Builder is used for build
gcc -O0 -g3 -Wall -c -fmessage-length=0 -o "src\\YYY.o" "..\\src\\YYY.c" 
gcc -o YYY.exe "src\\YYY.o" 
23:54:45 **** Incremental Build of configuration Debug for project YYY ****
Info: Internal Builder is used for build
gcc -O0 -g3 -Wall -c -fmessage-length=0 -o "src\\YYY.o" "..\\src\\YYY.c" 
gcc -o YYY.exe "src\\YYY.o" 
00:05:20 **** Incremental Build of configuration Debug for project YYY ****
Info: Internal Builder is used for build
gcc -O0 -g3 -Wall -c -fmessage-length=0 -o "src\\YYY.o" "..\\src\\YYY.c" 
gcc -o YYY.exe "src\\YYY.o" 
